[01/20/20 05:06 PM ]Both license storage C:\ProgramData\Embarcadero\.licenses\.cg_license and backup file are missing. Will create new ones.
[01/20/20 05:06 PM ]----------------------------------------
[01/20/20 05:06 PM ]Operating System: Windows
[01/20/20 05:06 PM ]Current User: Student
[01/20/20 05:06 PM ]System Registration Key: 12151948
[01/20/20 05:06 PM ]Node Lock: 76RZQVUX6SIU2R7
[01/20/20 05:06 PM ]
[01/20/20 05:06 PM ]----------------------------------------
[01/20/20 05:06 PM ]----------------------------------------
[01/20/20 05:06 PM ]Operating System: Windows
[01/20/20 05:06 PM ]Current User: Student
[01/20/20 05:06 PM ]System Registration Key: 12151948
[01/20/20 05:06 PM ]Node Lock: 76RZQVUX6SIU2R7
[01/20/20 05:06 PM ]
[01/20/20 05:06 PM ]----------------------------------------
[01/20/20 05:06 PM ]----------------------------------------
[01/20/20 05:06 PM ]Operating System: Windows
[01/20/20 05:06 PM ]Current User: Student
[01/20/20 05:06 PM ]System Registration Key: 12151948
[01/20/20 05:06 PM ]Node Lock: 76RZQVUX6SIU2R7
[01/20/20 05:06 PM ]
[01/20/20 05:06 PM ]----------------------------------------
[01/20/20 05:06 PM ]----------------------------------------
[01/20/20 05:06 PM ]Operating System: Windows
[01/20/20 05:06 PM ]Current User: Student
[01/20/20 05:06 PM ]System Registration Key: 12151948
[01/20/20 05:06 PM ]Node Lock: 76RZQVUX6SIU2R7
[01/20/20 05:06 PM ]
[01/20/20 05:06 PM ]----------------------------------------
[01/20/20 05:06 PM ]----------------------------------------
[01/20/20 05:06 PM ]Operating System: Windows
[01/20/20 05:06 PM ]Current User: Student
[01/20/20 05:06 PM ]System Registration Key: 12151948
[01/20/20 05:06 PM ]Node Lock: 76RZQVUX6SIU2R7
[01/20/20 05:06 PM ]
[01/20/20 05:06 PM ]----------------------------------------
[01/20/20 05:06 PM ]----------------------------------------
[01/20/20 05:06 PM ]Operating System: Windows
[01/20/20 05:06 PM ]Current User: Student
[01/20/20 05:06 PM ]System Registration Key: 12151948
[01/20/20 05:06 PM ]Node Lock: 76RZQVUX6SIU2R7
[01/20/20 05:06 PM ]
[01/20/20 05:06 PM ]----------------------------------------
[01/20/20 05:06 PM ]----------------------------------------
[01/20/20 05:06 PM ]Operating System: Windows
[01/20/20 05:06 PM ]Current User: Student
[01/20/20 05:06 PM ]System Registration Key: 12151948
[01/20/20 05:06 PM ]Node Lock: 76RZQVUX6SIU2R7
[01/20/20 05:06 PM ]
[01/20/20 05:06 PM ]----------------------------------------
[01/20/20 05:06 PM ]----------------------------------------
[01/20/20 05:06 PM ]Operating System: Windows
[01/20/20 05:06 PM ]Current User: Student
[01/20/20 05:06 PM ]System Registration Key: 12151948
[01/20/20 05:06 PM ]Node Lock: 76RZQVUX6SIU2R7
[01/20/20 05:06 PM ]
[01/20/20 05:06 PM ]----------------------------------------
[01/20/20 05:06 PM ]----------------------------------------
[01/20/20 05:06 PM ]Operating System: Windows
[01/20/20 05:06 PM ]Current User: Student
[01/20/20 05:06 PM ]System Registration Key: 12151948
[01/20/20 05:06 PM ]Node Lock: 76RZQVUX6SIU2R7
[01/20/20 05:06 PM ]
[01/20/20 05:06 PM ]----------------------------------------
[01/20/20 05:06 PM ]----------------------------------------
[01/20/20 05:06 PM ]Operating System: Windows
[01/20/20 05:06 PM ]Current User: Student
[01/20/20 05:06 PM ]System Registration Key: 12151948
[01/20/20 05:06 PM ]Node Lock: 76RZQVUX6SIU2R7
[01/20/20 05:06 PM ]
[01/20/20 05:06 PM ]----------------------------------------
[01/20/20 05:06 PM ]----------------------------------------
[01/20/20 05:06 PM ]Operating System: Windows
[01/20/20 05:06 PM ]Current User: Student
[01/20/20 05:06 PM ]System Registration Key: 12151948
[01/20/20 05:06 PM ]Node Lock: 76RZQVUX6SIU2R7
[01/20/20 05:06 PM ]
[01/20/20 05:06 PM ]----------------------------------------
[01/20/20 05:07 PM ]----------------------------------------
[01/20/20 05:07 PM ]Operating System: Windows
[01/20/20 05:07 PM ]Current User: Student
[01/20/20 05:07 PM ]System Registration Key: 12151948
[01/20/20 05:07 PM ]Node Lock: 76RZQVUX6SIU2R7
[01/20/20 05:07 PM ]
[01/20/20 05:07 PM ]----------------------------------------
[01/20/20 05:07 PM ]----------------------------------------
[01/20/20 05:07 PM ]Operating System: Windows
[01/20/20 05:07 PM ]Current User: Student
[01/20/20 05:07 PM ]System Registration Key: 12151948
[01/20/20 05:07 PM ]Node Lock: 76RZQVUX6SIU2R7
[01/20/20 05:07 PM ]
[01/20/20 05:07 PM ]----------------------------------------
[01/20/20 05:07 PM ]----------------------------------------
[01/20/20 05:07 PM ]Operating System: Windows
[01/20/20 05:07 PM ]Current User: Student
[01/20/20 05:07 PM ]System Registration Key: 12151948
[01/20/20 05:07 PM ]Node Lock: 76RZQVUX6SIU2R7
[01/20/20 05:07 PM ]
[01/20/20 05:07 PM ]----------------------------------------
[01/20/20 05:07 PM ]----------------------------------------
[01/20/20 05:07 PM ]Operating System: Windows
[01/20/20 05:07 PM ]Current User: Student
[01/20/20 05:07 PM ]System Registration Key: 12151948
[01/20/20 05:07 PM ]Node Lock: 76RZQVUX6SIU2R7
[01/20/20 05:07 PM ]
[01/20/20 05:07 PM ]----------------------------------------
[01/20/20 05:13 PM ]----------------------------------------
[01/20/20 05:13 PM ]Operating System: Windows
[01/20/20 05:13 PM ]Current User: Student
[01/20/20 05:13 PM ]System Registration Key: 12151948
[01/20/20 05:13 PM ]Node Lock: 76RZQVUX6SIU2R7
[01/20/20 05:13 PM ]
[01/20/20 05:13 PM ]----------------------------------------
[01/21/20 10:02 AM ]----------------------------------------
[01/21/20 10:02 AM ]Operating System: Windows
[01/21/20 10:02 AM ]Current User: Student
[01/21/20 10:02 AM ]System Registration Key: 12151948
[01/21/20 10:02 AM ]Node Lock: 76RZQVUX6SIU2R7
[01/21/20 10:02 AM ]
[01/21/20 10:02 AM ]----------------------------------------
[01/21/20 10:02 AM ]----------------------------------------
[01/21/20 10:02 AM ]Operating System: Windows
[01/21/20 10:02 AM ]Current User: Student
[01/21/20 10:02 AM ]System Registration Key: 12151948
[01/21/20 10:02 AM ]Node Lock: 76RZQVUX6SIU2R7
[01/21/20 10:02 AM ]
[01/21/20 10:02 AM ]----------------------------------------
[01/21/20 10:02 AM ]----------------------------------------
[01/21/20 10:02 AM ]Operating System: Windows
[01/21/20 10:02 AM ]Current User: Student
[01/21/20 10:02 AM ]System Registration Key: 12151948
[01/21/20 10:02 AM ]Node Lock: 76RZQVUX6SIU2R7
[01/21/20 10:02 AM ]
[01/21/20 10:02 AM ]----------------------------------------
[01/21/20 10:24 AM ]----------------------------------------
[01/21/20 10:24 AM ]Operating System: Windows
[01/21/20 10:24 AM ]Current User: Student
[01/21/20 10:24 AM ]System Registration Key: 12151948
[01/21/20 10:24 AM ]Node Lock: 76RZQVUX6SIU2R7
[01/21/20 10:24 AM ]
[01/21/20 10:24 AM ]----------------------------------------
[01/21/20 10:24 AM ]----------------------------------------
[01/21/20 10:24 AM ]Operating System: Windows
[01/21/20 10:24 AM ]Current User: Student
[01/21/20 10:24 AM ]System Registration Key: 12151948
[01/21/20 10:24 AM ]Node Lock: 76RZQVUX6SIU2R7
[01/21/20 10:24 AM ]
[01/21/20 10:24 AM ]----------------------------------------
[01/21/20 10:24 AM ]----------------------------------------
[01/21/20 10:24 AM ]Operating System: Windows
[01/21/20 10:24 AM ]Current User: Student
[01/21/20 10:24 AM ]System Registration Key: 12151948
[01/21/20 10:24 AM ]Node Lock: 76RZQVUX6SIU2R7
[01/21/20 10:24 AM ]
[01/21/20 10:24 AM ]----------------------------------------
[01/21/20 10:24 AM ]----------------------------------------
[01/21/20 10:24 AM ]Operating System: Windows
[01/21/20 10:24 AM ]Current User: Student
[01/21/20 10:24 AM ]System Registration Key: 12151948
[01/21/20 10:24 AM ]Node Lock: 76RZQVUX6SIU2R7
[01/21/20 10:24 AM ]
[01/21/20 10:24 AM ]----------------------------------------
[01/21/20 10:42 AM ]----------------------------------------
[01/21/20 10:42 AM ]Operating System: Windows
[01/21/20 10:42 AM ]Current User: Student
[01/21/20 10:42 AM ]System Registration Key: 12151948
[01/21/20 10:42 AM ]Node Lock: 76RZQVUX6SIU2R7
[01/21/20 10:42 AM ]
[01/21/20 10:42 AM ]----------------------------------------
[01/21/20 10:42 AM ]
[01/21/20 10:42 AM ]
[01/21/20 10:42 AM ]License: RAD Studio Professional Academic Network License - 1 year 
[01/21/20 10:42 AM ]Registration Key=0
[01/21/20 10:42 AM ]Serial Number=3SAK-NTDNH7-LN75BL-DBQS
[01/21/20 10:42 AM ]----------------------------------------
[01/21/20 10:42 AM ]Operating System: Windows
[01/21/20 10:42 AM ]Current User: Student
[01/21/20 10:42 AM ]System Registration Key: 12151948
[01/21/20 10:42 AM ]Node Lock: 76RZQVUX6SIU2R7
[01/21/20 10:42 AM ]
[01/21/20 10:42 AM ]----------------------------------------
[01/21/20 10:42 AM ]
[01/21/20 10:42 AM ]
[01/21/20 10:42 AM ]License: RAD Studio Professional Academic Network License - 1 year 
[01/21/20 10:42 AM ]Registration Key=0
[01/21/20 10:42 AM ]Serial Number=3SAK-NTDNH7-LN75BL-DBQS
[01/21/20 10:43 AM ]----------------------------------------
[01/21/20 10:43 AM ]Operating System: Windows
[01/21/20 10:43 AM ]Current User: Student
[01/21/20 10:43 AM ]System Registration Key: 12151948
[01/21/20 10:43 AM ]Node Lock: 76RZQVUX6SIU2R7
[01/21/20 10:43 AM ]
[01/21/20 10:43 AM ]----------------------------------------
[01/21/20 10:43 AM ]
[01/21/20 10:43 AM ]
[01/21/20 10:43 AM ]License: RAD Studio Professional Academic Network License - 1 year 
[01/21/20 10:43 AM ]Registration Key=0
[01/21/20 10:43 AM ]Serial Number=3SAK-NTDNH7-LN75BL-DBQS
[01/21/20 03:17 PM ]----------------------------------------
[01/21/20 03:17 PM ]Operating System: Windows
[01/21/20 03:17 PM ]Current User: Student
[01/21/20 03:17 PM ]System Registration Key: 12151948
[01/21/20 03:17 PM ]Node Lock: 76RZQVUX6SIU2R7
[01/21/20 03:17 PM ]
[01/21/20 03:17 PM ]----------------------------------------
[01/21/20 03:17 PM ]
[01/21/20 03:17 PM ]
[01/21/20 03:17 PM ]License: RAD Studio Professional Academic Network License - 1 year 
[01/21/20 03:17 PM ]Registration Key=0
[01/21/20 03:17 PM ]Serial Number=3SAK-NTDNH7-LN75BL-DBQS
[01/21/20 03:27 PM ]----------------------------------------
[01/21/20 03:27 PM ]Operating System: Windows
[01/21/20 03:27 PM ]Current User: Student
[01/21/20 03:27 PM ]System Registration Key: 6672179
[01/21/20 03:27 PM ]Node Lock: Y09H4ACU8A
[01/21/20 03:27 PM ]
[01/21/20 03:27 PM ]----------------------------------------
[01/21/20 03:27 PM ]
[01/21/20 03:27 PM ]
[01/21/20 03:27 PM ]License: RAD Studio Professional Academic Network License - 1 year 
[01/21/20 03:27 PM ]Registration Key=0
[01/21/20 03:27 PM ]Serial Number=3SAK-NTDNH7-LN75BL-DBQS
[01/21/20 03:33 PM ]----------------------------------------
[01/21/20 03:33 PM ]Operating System: Windows
[01/21/20 03:33 PM ]Current User: Student
[01/21/20 03:33 PM ]System Registration Key: 10247878
[01/21/20 03:33 PM ]Node Lock: Y09H4ACU8A
[01/21/20 03:33 PM ]
[01/21/20 03:33 PM ]----------------------------------------
[01/21/20 03:33 PM ]
[01/21/20 03:33 PM ]
[01/21/20 03:33 PM ]License: RAD Studio Professional Academic Network License - 1 year 
[01/21/20 03:33 PM ]Registration Key=0
[01/21/20 03:33 PM ]Serial Number=3SAK-NTDNH7-LN75BL-DBQS
[01/21/20 03:34 PM ]----------------------------------------
[01/21/20 03:34 PM ]Operating System: Windows
[01/21/20 03:34 PM ]Current User: Student
[01/21/20 03:34 PM ]System Registration Key: 12065423
[01/21/20 03:34 PM ]Node Lock: Y09H4ACU8A
[01/21/20 03:34 PM ]
[01/21/20 03:34 PM ]----------------------------------------
[01/21/20 03:34 PM ]
[01/21/20 03:34 PM ]
[01/21/20 03:34 PM ]License: RAD Studio Professional Academic Network License - 1 year 
[01/21/20 03:34 PM ]Registration Key=0
[01/21/20 03:34 PM ]Serial Number=3SAK-NTDNH7-LN75BL-DBQS
[01/21/20 03:37 PM ]----------------------------------------
[01/21/20 03:37 PM ]Operating System: Windows
[01/21/20 03:37 PM ]Current User: Student
[01/21/20 03:37 PM ]System Registration Key: 1628622
[01/21/20 03:37 PM ]Node Lock: Y09H4ACU8A
[01/21/20 03:37 PM ]
[01/21/20 03:37 PM ]----------------------------------------
[01/21/20 03:37 PM ]
[01/21/20 03:37 PM ]
[01/21/20 03:37 PM ]License: RAD Studio Professional Academic Network License - 1 year 
[01/21/20 03:37 PM ]Registration Key=0
[01/21/20 03:37 PM ]Serial Number=3SAK-NTDNH7-LN75BL-DBQS
[01/21/20 03:39 PM ]----------------------------------------
[01/21/20 03:39 PM ]Operating System: Windows
[01/21/20 03:39 PM ]Current User: Student
[01/21/20 03:39 PM ]System Registration Key: 7842576
[01/21/20 03:39 PM ]Node Lock: Y09H4ACU8A
[01/21/20 03:39 PM ]
[01/21/20 03:39 PM ]----------------------------------------
[01/21/20 03:39 PM ]
[01/21/20 03:39 PM ]
[01/21/20 03:39 PM ]License: RAD Studio Professional Academic Network License - 1 year 
[01/21/20 03:39 PM ]Registration Key=0
[01/21/20 03:39 PM ]Serial Number=3SAK-NTDNH7-LN75BL-DBQS
[01/21/20 03:39 PM ]----------------------------------------
[01/21/20 03:39 PM ]Operating System: Windows
[01/21/20 03:39 PM ]Current User: Student
[01/21/20 03:39 PM ]System Registration Key: 15191599
[01/21/20 03:39 PM ]Node Lock: Y09H4ACU8A
[01/21/20 03:39 PM ]
[01/21/20 03:39 PM ]----------------------------------------
[01/21/20 03:39 PM ]
[01/21/20 03:39 PM ]
[01/21/20 03:39 PM ]License: RAD Studio Professional Academic Network License - 1 year 
[01/21/20 03:39 PM ]Registration Key=0
[01/21/20 03:39 PM ]Serial Number=3SAK-NTDNH7-LN75BL-DBQS
[01/21/20 03:39 PM ]----------------------------------------
[01/21/20 03:39 PM ]Operating System: Windows
[01/21/20 03:39 PM ]Current User: Student
[01/21/20 03:39 PM ]System Registration Key: 7663381
[01/21/20 03:39 PM ]Node Lock: Y09H4ACU8A
[01/21/20 03:39 PM ]
[01/21/20 03:39 PM ]----------------------------------------
[01/21/20 03:39 PM ]
[01/21/20 03:39 PM ]
[01/21/20 03:39 PM ]License: RAD Studio Professional Academic Network License - 1 year 
[01/21/20 03:39 PM ]Registration Key=0
[01/21/20 03:39 PM ]Serial Number=3SAK-NTDNH7-LN75BL-DBQS
[01/21/20 03:39 PM ]----------------------------------------
[01/21/20 03:39 PM ]Operating System: Windows
[01/21/20 03:39 PM ]Current User: Student
[01/21/20 03:39 PM ]System Registration Key: 7330079
[01/21/20 03:39 PM ]Node Lock: Y09H4ACU8A
[01/21/20 03:39 PM ]
[01/21/20 03:39 PM ]----------------------------------------
[01/21/20 03:39 PM ]
[01/21/20 03:39 PM ]
[01/21/20 03:39 PM ]License: RAD Studio Professional Academic Network License - 1 year 
[01/21/20 03:39 PM ]Registration Key=0
[01/21/20 03:39 PM ]Serial Number=3SAK-NTDNH7-LN75BL-DBQS
[01/21/20 03:39 PM ]----------------------------------------
[01/21/20 03:39 PM ]Operating System: Windows
[01/21/20 03:39 PM ]Current User: Student
[01/21/20 03:39 PM ]System Registration Key: 8909551
[01/21/20 03:39 PM ]Node Lock: Y09H4ACU8A
[01/21/20 03:39 PM ]
[01/21/20 03:39 PM ]----------------------------------------
[01/21/20 03:39 PM ]
[01/21/20 03:39 PM ]
[01/21/20 03:39 PM ]License: RAD Studio Professional Academic Network License - 1 year 
[01/21/20 03:39 PM ]Registration Key=0
[01/21/20 03:39 PM ]Serial Number=3SAK-NTDNH7-LN75BL-DBQS
[01/21/20 03:39 PM ]----------------------------------------
[01/21/20 03:39 PM ]Operating System: Windows
[01/21/20 03:39 PM ]Current User: Student
[01/21/20 03:39 PM ]System Registration Key: 14871609
[01/21/20 03:39 PM ]Node Lock: Y09H4ACU8A
[01/21/20 03:39 PM ]
[01/21/20 03:39 PM ]----------------------------------------
[01/21/20 03:39 PM ]
[01/21/20 03:39 PM ]
[01/21/20 03:39 PM ]License: RAD Studio Professional Academic Network License - 1 year 
[01/21/20 03:39 PM ]Registration Key=0
[01/21/20 03:39 PM ]Serial Number=3SAK-NTDNH7-LN75BL-DBQS
[01/21/20 03:39 PM ]----------------------------------------
[01/21/20 03:39 PM ]Operating System: Windows
[01/21/20 03:39 PM ]Current User: Student
[01/21/20 03:39 PM ]System Registration Key: 7800593
[01/21/20 03:39 PM ]Node Lock: Y09H4ACU8A
[01/21/20 03:39 PM ]
[01/21/20 03:39 PM ]----------------------------------------
[01/21/20 03:39 PM ]
[01/21/20 03:39 PM ]
[01/21/20 03:39 PM ]License: RAD Studio Professional Academic Network License - 1 year 
[01/21/20 03:39 PM ]Registration Key=0
[01/21/20 03:39 PM ]Serial Number=3SAK-NTDNH7-LN75BL-DBQS
[01/21/20 03:40 PM ]----------------------------------------
[01/21/20 03:40 PM ]Operating System: Windows
[01/21/20 03:40 PM ]Current User: Student
[01/21/20 03:40 PM ]System Registration Key: 7800593
[01/21/20 03:40 PM ]Node Lock: Y09H4ACU8A
[01/21/20 03:40 PM ]
[01/21/20 03:40 PM ]----------------------------------------
[01/21/20 03:40 PM ]
[01/21/20 03:40 PM ]
[01/21/20 03:40 PM ]License: RAD Studio Professional Academic Network License - 1 year 
[01/21/20 03:40 PM ]Registration Key=0
[01/21/20 03:40 PM ]Serial Number=3SAK-NTDNH7-LN75BL-DBQS
[01/21/20 04:04 PM ]----------------------------------------
[01/21/20 04:04 PM ]Operating System: Windows
[01/21/20 04:04 PM ]Current User: Student
[01/21/20 04:04 PM ]System Registration Key: 7800593
[01/21/20 04:04 PM ]Node Lock: Y09H4ACU8A
[01/21/20 04:04 PM ]
[01/21/20 04:04 PM ]----------------------------------------
[01/21/20 04:04 PM ]
[01/21/20 04:04 PM ]
[01/21/20 04:04 PM ]License: RAD Studio Professional Academic Network License - 1 year 
[01/21/20 04:04 PM ]Registration Key=0
[01/21/20 04:04 PM ]Serial Number=3SAK-NTDNH7-LN75BL-DBQS
[01/21/20 04:04 PM ]----------------------------------------
[01/21/20 04:04 PM ]Operating System: Windows
[01/21/20 04:04 PM ]Current User: Student
[01/21/20 04:04 PM ]System Registration Key: 7800593
[01/21/20 04:04 PM ]Node Lock: Y09H4ACU8A
[01/21/20 04:04 PM ]
[01/21/20 04:04 PM ]----------------------------------------
[01/21/20 04:04 PM ]
[01/21/20 04:04 PM ]
[01/21/20 04:04 PM ]License: RAD Studio Professional Academic Network License - 1 year 
[01/21/20 04:04 PM ]Registration Key=0
[01/21/20 04:04 PM ]Serial Number=3SAK-NTDNH7-LN75BL-DBQS
[01/21/20 04:04 PM ]----------------------------------------
[01/21/20 04:04 PM ]Operating System: Windows
[01/21/20 04:04 PM ]Current User: Student
[01/21/20 04:04 PM ]System Registration Key: 7800593
[01/21/20 04:04 PM ]Node Lock: Y09H4ACU8A
[01/21/20 04:04 PM ]
[01/21/20 04:04 PM ]----------------------------------------
[01/21/20 04:04 PM ]
[01/21/20 04:04 PM ]
[01/21/20 04:04 PM ]License: RAD Studio Professional Academic Network License - 1 year 
[01/21/20 04:04 PM ]Registration Key=0
[01/21/20 04:04 PM ]Serial Number=3SAK-NTDNH7-LN75BL-DBQS
[01/21/20 04:04 PM ]----------------------------------------
[01/21/20 04:04 PM ]Operating System: Windows
[01/21/20 04:04 PM ]Current User: Student
[01/21/20 04:04 PM ]System Registration Key: 7800593
[01/21/20 04:04 PM ]Node Lock: Y09H4ACU8A
[01/21/20 04:04 PM ]
[01/21/20 04:04 PM ]----------------------------------------
[01/21/20 04:04 PM ]
[01/21/20 04:04 PM ]
[01/21/20 04:04 PM ]License: RAD Studio Professional Academic Network License - 1 year 
[01/21/20 04:04 PM ]Registration Key=0
[01/21/20 04:04 PM ]Serial Number=3SAK-NTDNH7-LN75BL-DBQS
[01/21/20 04:04 PM ]----------------------------------------
[01/21/20 04:04 PM ]Operating System: Windows
[01/21/20 04:04 PM ]Current User: Student
[01/21/20 04:04 PM ]System Registration Key: 7800593
[01/21/20 04:04 PM ]Node Lock: Y09H4ACU8A
[01/21/20 04:04 PM ]
[01/21/20 04:04 PM ]----------------------------------------
[01/21/20 04:04 PM ]
[01/21/20 04:04 PM ]
[01/21/20 04:04 PM ]License: RAD Studio Professional Academic Network License - 1 year 
[01/21/20 04:04 PM ]Registration Key=0
[01/21/20 04:04 PM ]Serial Number=3SAK-NTDNH7-LN75BL-DBQS
[01/21/20 04:04 PM ]----------------------------------------
[01/21/20 04:04 PM ]Operating System: Windows
[01/21/20 04:04 PM ]Current User: Student
[01/21/20 04:04 PM ]System Registration Key: 7800593
[01/21/20 04:04 PM ]Node Lock: Y09H4ACU8A
[01/21/20 04:04 PM ]
[01/21/20 04:04 PM ]----------------------------------------
[01/21/20 04:04 PM ]
[01/21/20 04:04 PM ]
[01/21/20 04:04 PM ]License: RAD Studio Professional Academic Network License - 1 year 
[01/21/20 04:04 PM ]Registration Key=0
[01/21/20 04:04 PM ]Serial Number=3SAK-NTDNH7-LN75BL-DBQS
[01/21/20 04:04 PM ]----------------------------------------
[01/21/20 04:04 PM ]Operating System: Windows
[01/21/20 04:04 PM ]Current User: Student
[01/21/20 04:04 PM ]System Registration Key: 7800593
[01/21/20 04:04 PM ]Node Lock: Y09H4ACU8A
[01/21/20 04:04 PM ]
[01/21/20 04:04 PM ]----------------------------------------
[01/21/20 04:04 PM ]
[01/21/20 04:04 PM ]
[01/21/20 04:04 PM ]License: RAD Studio Professional Academic Network License - 1 year 
[01/21/20 04:04 PM ]Registration Key=0
[01/21/20 04:04 PM ]Serial Number=3SAK-NTDNH7-LN75BL-DBQS
[01/21/20 04:11 PM ]----------------------------------------
[01/21/20 04:11 PM ]Operating System: Windows
[01/21/20 04:11 PM ]Current User: Student
[01/21/20 04:11 PM ]System Registration Key: 7800593
[01/21/20 04:11 PM ]Node Lock: Y09H4ACU8A
[01/21/20 04:11 PM ]
[01/21/20 04:11 PM ]----------------------------------------
[01/21/20 04:11 PM ]
[01/21/20 04:11 PM ]
[01/21/20 04:11 PM ]License: RAD Studio Professional Academic Network License - 1 year 
[01/21/20 04:11 PM ]Registration Key=0
[01/21/20 04:11 PM ]Serial Number=3SAK-NTDNH7-LN75BL-DBQS
[01/21/20 04:11 PM ]----------------------------------------
[01/21/20 04:11 PM ]Operating System: Windows
[01/21/20 04:11 PM ]Current User: Student
[01/21/20 04:11 PM ]System Registration Key: 7800593
[01/21/20 04:11 PM ]Node Lock: Y09H4ACU8A
[01/21/20 04:11 PM ]
[01/21/20 04:11 PM ]----------------------------------------
[01/21/20 04:11 PM ]
[01/21/20 04:11 PM ]
[01/21/20 04:11 PM ]License: RAD Studio Professional Academic Network License - 1 year 
[01/21/20 04:11 PM ]Registration Key=0
[01/21/20 04:11 PM ]Serial Number=3SAK-NTDNH7-LN75BL-DBQS
[01/30/20 11:43 PM ]----------------------------------------
[01/30/20 11:43 PM ]Operating System: Windows
[01/30/20 11:43 PM ]Current User: Student
[01/30/20 11:43 PM ]System Registration Key: 8908015
[01/30/20 11:43 PM ]Node Lock: Y09H4ACU8AA
[01/30/20 11:43 PM ]
[01/30/20 11:43 PM ]----------------------------------------
[01/30/20 11:43 PM ]
[01/30/20 11:43 PM ]
[01/30/20 11:43 PM ]License: RAD Studio Professional Academic Network License - 1 year 
[01/30/20 11:43 PM ]Registration Key=0
[01/30/20 11:43 PM ]Serial Number=3SAK-NTDNH7-LN75BL-DBQS
[06/14/21 04:51 PM ]----------------------------------------
[06/14/21 04:51 PM ]Operating System: Windows
[06/14/21 04:51 PM ]Current User: Student
[06/14/21 04:51 PM ]System Registration Key: 15783453
[06/14/21 04:51 PM ]Node Lock: Y09H4ACU8IF
[06/14/21 04:51 PM ]
[06/14/21 04:51 PM ]----------------------------------------
[06/14/21 04:51 PM ]
[06/14/21 04:51 PM ]
[06/14/21 04:51 PM ]License: RAD Studio Professional Academic Network License - 1 year 
[06/14/21 04:51 PM ]Registration Key=0
[06/14/21 04:51 PM ]Serial Number=3SAK-NTDNH7-LN75BL-DBQS
[06/14/21 05:24 PM ]----------------------------------------
[06/14/21 05:24 PM ]Operating System: Windows
[06/14/21 05:24 PM ]Current User: Student
[06/14/21 05:24 PM ]System Registration Key: 4734319
[06/14/21 05:24 PM ]Node Lock: Y09H4ACU8IF
[06/14/21 05:24 PM ]
[06/14/21 05:24 PM ]----------------------------------------
[06/14/21 05:24 PM ]
[06/14/21 05:24 PM ]
[06/14/21 05:24 PM ]License: RAD Studio Professional Academic Network License - 1 year 
[06/14/21 05:24 PM ]Registration Key=0
[06/14/21 05:24 PM ]Serial Number=3SAK-NTDNH7-LN75BL-DBQS
[06/14/21 05:56 PM ]----------------------------------------
[06/14/21 05:56 PM ]Operating System: Windows
[06/14/21 05:56 PM ]Current User: Student
[06/14/21 05:56 PM ]System Registration Key: 4734319
[06/14/21 05:56 PM ]Node Lock: Y09H4ACU8IF
[06/14/21 05:56 PM ]
[06/14/21 05:56 PM ]----------------------------------------
[06/14/21 05:56 PM ]
[06/14/21 05:56 PM ]
[06/14/21 05:56 PM ]License: RAD Studio Professional Academic Network License - 1 year 
[06/14/21 05:56 PM ]Registration Key=0
[06/14/21 05:56 PM ]Serial Number=JSFL-PRNAH8-L7R5BL-D2QS
[06/14/21 05:56 PM ][Subscription Client] [6/14/2021 17:56:26] DEBUG: License verification thread has started.  The following ids have been submitted to Subscription Monitor: ProductID=>8220,ProductID=>8220,ProductID=>2026,ProductID=>4023,
[06/14/21 05:56 PM ][Subscription Client] There were no licenses present for the following productids:,8220,8220,2026,4023
[06/14/21 06:06 PM ]----------------------------------------
[06/14/21 06:06 PM ]Operating System: Windows
[06/14/21 06:06 PM ]Current User: Student
[06/14/21 06:06 PM ]System Registration Key: 4734319
[06/14/21 06:06 PM ]Node Lock: Y09H4ACU8IF
[06/14/21 06:06 PM ]
[06/14/21 06:06 PM ]----------------------------------------
[06/14/21 06:06 PM ]
[06/14/21 06:06 PM ]
[06/14/21 06:06 PM ]License: RAD Studio Professional Academic Network License - 1 year 
[06/14/21 06:06 PM ]Registration Key=0
[06/14/21 06:06 PM ]Serial Number=JSFL-PRNAH8-L7R5BL-D2QS
[06/14/21 06:06 PM ][Subscription Client] [6/14/2021 18:06:58] DEBUG: License verification thread has started.  The following ids have been submitted to Subscription Monitor: ProductID=>8220,ProductID=>8220,ProductID=>4023,
[06/14/21 06:06 PM ][Subscription Client] There were no licenses present for the following productids:,8220,8220,4023
[06/14/21 08:06 PM ][Subscription Client] There were no licenses present for the following productids:,8220,8220,4023
[06/14/21 10:06 PM ][Subscription Client] There were no licenses present for the following productids:,8220,8220,4023
[06/15/21 12:06 AM ][Subscription Client] There were no licenses present for the following productids:,8220,8220,4023
[06/15/21 02:06 AM ][Subscription Client] There were no licenses present for the following productids:,8220,8220,4023
[06/15/21 04:06 AM ][Subscription Client] There were no licenses present for the following productids:,8220,8220,4023
[06/15/21 06:06 AM ][Subscription Client] There were no licenses present for the following productids:,8220,8220,4023
[06/15/21 08:06 AM ][Subscription Client] There were no licenses present for the following productids:,8220,8220,4023
[06/15/21 10:06 AM ][Subscription Client] There were no licenses present for the following productids:,8220,8220,4023
[06/15/21 12:06 PM ][Subscription Client] There were no licenses present for the following productids:,8220,8220,4023
